<?xml version="1.0" encoding="UTF-8"?>
<!-- Generated by org.testng.reporters.JUnitXMLReporter -->
<testsuite ignored="0" hostname="DESKTOP-V5T26LM" failures="0" tests="4" name="Test" time="56.29" errors="0" timestamp="2023-01-04T13:28:48 IST">
  <testcase classname="com.sauceDemo.TestPackage.TC01_TestLoginPageProg" name="testLoginPageProg" time="0.069"/>
  <testcase classname="com.sauceDemo.TestPackage.TC02_TestLogOutFunProg" name="testLogOutFunProg" time="0.685"/>
  <testcase classname="com.sauceDemo.TestPackage.TC03_TestSingleAddToCartProg" name="testSingleAddToCartProg" time="3.575"/>
  <testcase classname="com.sauceDemo.TestPackage.TC04_TestAllAddToCartProdProg" name="testAllAddToCartProdProg" time="4.357"/>
</testsuite> <!-- Test -->
